<?xml version="1.0" encoding="UTF-8"?>
<!-- Generated by org.testng.reporters.JUnitXMLReporter -->
<testsuite hostname="LAPTOP-CLIP7DDS" ignored="0" name="Test" tests="5" failures="0" timestamp="2021-01-06T21:35:58 IST" time="38.699" errors="0">
  <testcase name="gettitle" time="6.359" classname="Firstpackage.Firstclass"/>
  <testcase name="loginbutton" time="1.271" classname="Firstpackage.Firstclass"/>
  <testcase name="password" time="0.314" classname="Firstpackage.Firstclass"/>
  <testcase name="password1" time="30.328" classname="Firstpackage.Firstclass"/>
  <testcase name="tofield" time="0.402" classname="Firstpackage.Firstclass"/>
</testsuite> <!-- Test -->
