<?xml version="1.0" encoding="UTF-8"?>
<!-- Generated by org.testng.reporters.JUnitXMLReporter -->
<testsuite hostname="LAPTOP-CLIP7DDS" ignored="0" name="Test1" tests="4" failures="4" timestamp="2020-10-24T16:58:49 IST" time="17.235" errors="0">
  <testcase name="@AfterClass close" time="0.0" classname="Firstpackage.Firstclass">
    <failure type="java.lang.NullPointerException">
      <![CDATA[java.lang.NullPointerException
at Firstpackage.Firstclass.close(Firstclass.java:98)
at java.util.ArrayList.forEach(ArrayList.java:1257)
... Removed 25 stack frames]]>
    </failure>
  </testcase> <!-- @AfterClass close -->
  <testcase name="email" time="0.006" classname="Firstpackage.Firstclass">
    <failure type="java.lang.NullPointerException">
      <![CDATA[java.lang.NullPointerException
at Firstpackage.Firstclass.email(Firstclass.java:61)
at java.util.ArrayList.forEach(ArrayList.java:1257)
... Removed 27 stack frames]]>
    </failure>
  </testcase> <!-- email -->
  <testcase name="loginbutton" time="0.012" classname="Firstpackage.Firstclass">
    <failure type="java.lang.NullPointerException">
      <![CDATA[java.lang.NullPointerException
at java.util.Objects.requireNonNull(Objects.java:203)
at org.openqa.selenium.support.ui.FluentWait.<init>(FluentWait.java:106)
at org.openqa.selenium.support.ui.WebDriverWait.<init>(WebDriverWait.java:85)
at org.openqa.selenium.support.ui.WebDriverWait.<init>(WebDriverWait.java:45)
at Firstpackage.Firstclass.loginbutton(Firstclass.java:45)
at java.util.ArrayList.forEach(ArrayList.java:1257)
... Removed 27 stack frames]]>
    </failure>
  </testcase> <!-- loginbutton -->
  <testcase name="password" time="0.001" classname="Firstpackage.Firstclass">
    <failure type="java.lang.NullPointerException">
      <![CDATA[java.lang.NullPointerException
at java.util.Objects.requireNonNull(Objects.java:203)
at org.openqa.selenium.support.ui.FluentWait.<init>(FluentWait.java:106)
at org.openqa.selenium.support.ui.WebDriverWait.<init>(WebDriverWait.java:85)
at org.openqa.selenium.support.ui.WebDriverWait.<init>(WebDriverWait.java:45)
at Firstpackage.Firstclass.password(Firstclass.java:70)
at java.util.ArrayList.forEach(ArrayList.java:1257)
... Removed 27 stack frames]]>
    </failure>
  </testcase> <!-- password -->
  <testcase name="success" time="0.001" classname="Firstpackage.Firstclass">
    <failure type="java.lang.NullPointerException">
      <![CDATA[java.lang.NullPointerException
at java.util.Objects.requireNonNull(Objects.java:203)
at org.openqa.selenium.support.ui.FluentWait.<init>(FluentWait.java:106)
at org.openqa.selenium.support.ui.WebDriverWait.<init>(WebDriverWait.java:85)
at org.openqa.selenium.support.ui.WebDriverWait.<init>(WebDriverWait.java:45)
at Firstpackage.Firstclass.success(Firstclass.java:83)
at java.util.ArrayList.forEach(ArrayList.java:1257)
... Removed 27 stack frames]]>
    </failure>
  </testcase> <!-- success -->
</testsuite> <!-- Test1 -->
