<?xml version="1.0" encoding="UTF-8"?>
<testng-results skipped="0" failed="0" ignored="0" total="5" passed="5">
  <reporter-output>
  </reporter-output>
  <suite name="Suite" duration-ms="35579" started-at="2021-03-27T12:48:13 IST" finished-at="2021-03-27T12:48:49 IST">
    <groups>
    </groups>
    <test name="Test" duration-ms="35579" started-at="2021-03-27T12:48:13 IST" finished-at="2021-03-27T12:48:49 IST">
      <class name="Firstpackage.Firstclass">
        <test-method status="PASS" signature="Openbrowser()[pri:0, instance:Firstpackage.Firstclass@306279ee]" name="Openbrowser" is-config="true" duration-ms="1755" started-at="2021-03-27T12:48:12 IST" finished-at="2021-03-27T12:48:13 IST">
          <reporter-output>
          </reporter-output>
        </test-method> <!-- Openbrowser -->
        <test-method status="PASS" signature="gettitle()[pri:0, instance:Firstpackage.Firstclass@306279ee]" name="gettitle" duration-ms="4399" started-at="2021-03-27T12:48:13 IST" finished-at="2021-03-27T12:48:18 IST">
          <reporter-output>
          </reporter-output>
        </test-method> <!-- gettitle -->
        <test-method status="PASS" signature="loginbutton()[pri:0, instance:Firstpackage.Firstclass@306279ee]" name="loginbutton" duration-ms="151" started-at="2021-03-27T12:48:18 IST" finished-at="2021-03-27T12:48:18 IST">
          <reporter-output>
          </reporter-output>
        </test-method> <!-- loginbutton -->
        <test-method status="PASS" signature="password()[pri:0, instance:Firstpackage.Firstclass@306279ee]" name="password" duration-ms="298" started-at="2021-03-27T12:48:18 IST" finished-at="2021-03-27T12:48:18 IST">
          <reporter-output>
          </reporter-output>
        </test-method> <!-- password -->
        <test-method status="PASS" signature="password1()[pri:0, instance:Firstpackage.Firstclass@306279ee]" name="password1" duration-ms="30381" started-at="2021-03-27T12:48:18 IST" finished-at="2021-03-27T12:48:49 IST">
          <reporter-output>
          </reporter-output>
        </test-method> <!-- password1 -->
        <test-method status="PASS" signature="tofield()[pri:0, instance:Firstpackage.Firstclass@306279ee]" name="tofield" duration-ms="331" started-at="2021-03-27T12:48:49 IST" finished-at="2021-03-27T12:48:49 IST">
          <reporter-output>
          </reporter-output>
        </test-method> <!-- tofield -->
        <test-method status="PASS" signature="close()[pri:0, instance:Firstpackage.Firstclass@306279ee]" name="close" is-config="true" duration-ms="4066" started-at="2021-03-27T12:48:49 IST" finished-at="2021-03-27T12:48:53 IST">
          <reporter-output>
          </reporter-output>
        </test-method> <!-- close -->
      </class> <!-- Firstpackage.Firstclass -->
    </test> <!-- Test -->
  </suite> <!-- Suite -->
</testng-results>
