<?xml version="1.0" encoding="UTF-8"?>
<testsuite xmlns:xsi="http://www.w3.org/2001/XMLSchema-instance" xsi:noNamespaceSchemaLocation="https://maven.apache.org/surefire/maven-surefire-plugin/xsd/surefire-test-report-3.0.xsd" version="3.0" name="TestSuite" time="82.981" tests="5" errors="0" skipped="0" failures="2">
  <properties>
[...]
</properties>
  <testcase name="gettitle" classname="Firstpackage.Firstclass" time="18.724"/>
  <testcase name="loginbutton" classname="Firstpackage.Firstclass" time="10.33">
    <failure message="Expected condition failed: waiting for visibility of element located by By.xpath: .//a[1][@class=&quot;hero-login-link btn btn-primary&quot;] (tried for 10 second(s) with 500 milliseconds interval)" type="org.openqa.selenium.TimeoutException"><![CDATA[org.openqa.selenium.TimeoutException: Expected condition failed: waiting for visibility of element located by By.xpath: .//a[1][@class="hero-login-link btn btn-primary"] (tried for 10 second(s) with 500 milliseconds interval)
	at Firstpackage.Firstclass.loginbutton(Firstclass.java:66)
Caused by: org.openqa.selenium.NoSuchElementException: 
no such element: Unable to locate element: {"method":"xpath","selector":".//a[1][@class="hero-login-link btn btn-primary"]"}
  (Session info: chrome=86.0.4240.198)
For documentation on this error, please visit: https://www.seleniumhq.org/exceptions/no_such_element.html
Build info: version: '3.141.59', revision: 'e82be7d358', time: '2018-11-14T08:17:03'
System info: host: 'LAPTOP-CLIP7DDS', ip: '192.168.1.202', os.name: 'Windows 10', os.arch: 'amd64', os.version: '10.0', java.version: '1.8.0_231'
Driver info: org.openqa.selenium.chrome.ChromeDriver
Capabilities {acceptInsecureCerts: false, browserName: chrome, browserVersion: 86.0.4240.198, chrome: {chromedriverVersion: 86.0.4240.22 (398b0743353ff..., userDataDir: C:\Users\Pandiyan\AppData\L...}, goog:chromeOptions: {debuggerAddress: localhost:58506}, javascriptEnabled: true, networkConnectionEnabled: false, pageLoadStrategy: normal, platform: WINDOWS, platformName: WINDOWS, proxy: Proxy(), setWindowRect: true, strictFileInteractability: false, timeouts: {implicit: 0, pageLoad: 300000, script: 30000}, unhandledPromptBehavior: dismiss and notify, webauthn:virtualAuthenticators: true}
Session ID: 8744a20d4aad75aa00a8ade4b6adbe36
*** Element info: {Using=xpath, value=.//a[1][@class="hero-login-link btn btn-primary"]}
	at Firstpackage.Firstclass.loginbutton(Firstclass.java:66)
]]></failure>
    <system-out><![CDATA[driver=ChromeDriver: chrome on WINDOWS (8744a20d4aad75aa00a8ade4b6adbe36)
]]></system-out>
  </testcase>
  <testcase name="password" classname="Firstpackage.Firstclass" time="0.381"/>
  <testcase name="password1" classname="Firstpackage.Firstclass" time="21.712"/>
  <testcase name="username" classname="Firstpackage.Firstclass" time="30.078">
    <failure message="no such element: Unable to locate element: {&quot;method&quot;:&quot;xpath&quot;,&quot;selector&quot;:&quot;.//input[@placeholder=&quot;Your Email *&quot;]&quot;}&#10;  (Session info: chrome=86.0.4240.198)&#10;For documentation on this error, please visit: https://www.seleniumhq.org/exceptions/no_such_element.html&#10;Build info: version: &apos;3.141.59&apos;, revision: &apos;e82be7d358&apos;, time: &apos;2018-11-14T08:17:03&apos;&#10;System info: host: &apos;LAPTOP-CLIP7DDS&apos;, ip: &apos;192.168.1.202&apos;, os.name: &apos;Windows 10&apos;, os.arch: &apos;amd64&apos;, os.version: &apos;10.0&apos;, java.version: &apos;1.8.0_231&apos;&#10;Driver info: org.openqa.selenium.chrome.ChromeDriver&#10;Capabilities {acceptInsecureCerts: false, browserName: chrome, browserVersion: 86.0.4240.198, chrome: {chromedriverVersion: 86.0.4240.22 (398b0743353ff..., userDataDir: C:\Users\Pandiyan\AppData\L...}, goog:chromeOptions: {debuggerAddress: localhost:58506}, javascriptEnabled: true, networkConnectionEnabled: false, pageLoadStrategy: normal, platform: WINDOWS, platformName: WINDOWS, proxy: Proxy(), setWindowRect: true, strictFileInteractability: false, timeouts: {implicit: 0, pageLoad: 300000, script: 30000}, unhandledPromptBehavior: dismiss and notify, webauthn:virtualAuthenticators: true}&#10;Session ID: 8744a20d4aad75aa00a8ade4b6adbe36&#10;*** Element info: {Using=xpath, value=.//input[@placeholder=&quot;Your Email *&quot;]}" type="org.openqa.selenium.NoSuchElementException"><![CDATA[org.openqa.selenium.NoSuchElementException: 
no such element: Unable to locate element: {"method":"xpath","selector":".//input[@placeholder="Your Email *"]"}
  (Session info: chrome=86.0.4240.198)
For documentation on this error, please visit: https://www.seleniumhq.org/exceptions/no_such_element.html
Build info: version: '3.141.59', revision: 'e82be7d358', time: '2018-11-14T08:17:03'
System info: host: 'LAPTOP-CLIP7DDS', ip: '192.168.1.202', os.name: 'Windows 10', os.arch: 'amd64', os.version: '10.0', java.version: '1.8.0_231'
Driver info: org.openqa.selenium.chrome.ChromeDriver
Capabilities {acceptInsecureCerts: false, browserName: chrome, browserVersion: 86.0.4240.198, chrome: {chromedriverVersion: 86.0.4240.22 (398b0743353ff..., userDataDir: C:\Users\Pandiyan\AppData\L...}, goog:chromeOptions: {debuggerAddress: localhost:58506}, javascriptEnabled: true, networkConnectionEnabled: false, pageLoadStrategy: normal, platform: WINDOWS, platformName: WINDOWS, proxy: Proxy(), setWindowRect: true, strictFileInteractability: false, timeouts: {implicit: 0, pageLoad: 300000, script: 30000}, unhandledPromptBehavior: dismiss and notify, webauthn:virtualAuthenticators: true}
Session ID: 8744a20d4aad75aa00a8ade4b6adbe36
*** Element info: {Using=xpath, value=.//input[@placeholder="Your Email *"]}
	at Firstpackage.Firstclass.username(Firstclass.java:93)
]]></failure>
    <system-out><![CDATA[driver=ChromeDriver: chrome on WINDOWS (8744a20d4aad75aa00a8ade4b6adbe36)
]]></system-out>
  </testcase>
</testsuite>