<?xml version="1.0" encoding="UTF-8"?>
<testng-results skipped="0" failed="0" ignored="0" total="1" passed="1">
  <reporter-output>
  </reporter-output>
  <suite name="Default suite" duration-ms="104026" started-at="2021-03-20T15:07:23 IST" finished-at="2021-03-20T15:09:07 IST">
    <groups>
    </groups>
    <test name="Default test" duration-ms="104026" started-at="2021-03-20T15:07:23 IST" finished-at="2021-03-20T15:09:07 IST">
      <class name="Firstpackage.Headlessunit">
        <test-method status="PASS" signature="Openbrowser()[pri:0, instance:Firstpackage.Headlessunit@517cd4b]" name="Openbrowser" duration-ms="103995" started-at="2021-03-20T15:07:23 IST" finished-at="2021-03-20T15:09:07 IST">
          <reporter-output>
          </reporter-output>
        </test-method> <!-- Openbrowser -->
      </class> <!-- Firstpackage.Headlessunit -->
    </test> <!-- Default test -->
  </suite> <!-- Default suite -->
</testng-results>
